0 info it worked if it ends with ok
1 verbose cli [ '/usr/bin/node', '/usr/bin/npm', 'run', '12' ]
2 info using npm@3.5.2
3 info using node@v8.10.0
4 verbose run-script [ 'pre12', '12', 'post12' ]
5 info lifecycle html-css-git-exercises@1.0.0~pre12: html-css-git-exercises@1.0.0
6 silly lifecycle html-css-git-exercises@1.0.0~pre12: no script for pre12, continuing
7 info lifecycle html-css-git-exercises@1.0.0~12: html-css-git-exercises@1.0.0
8 verbose lifecycle html-css-git-exercises@1.0.0~12: unsafe-perm in lifecycle true
9 verbose lifecycle html-css-git-exercises@1.0.0~12: PATH: /usr/share/npm/bin/node-gyp-bin:/home/user0007/MC-ex/html-css-git-exercises/node_modules/.bin:/usr/local/sbin:/usr/local/bin:/usr/sbin:/usr/bin:/sbin:/bin:/usr/games:/usr/local/games:/snap/bin
10 verbose lifecycle html-css-git-exercises@1.0.0~12: CWD: /home/user0007/MC-ex/html-css-git-exercises
11 silly lifecycle html-css-git-exercises@1.0.0~12: Args: [ '-c', 'live-server --open=week-2/12-justify-content' ]
12 info lifecycle html-css-git-exercises@1.0.0~12: Failed to exec 12 script
13 verbose stack Error: html-css-git-exercises@1.0.0 12: `live-server --open=week-2/12-justify-content`
13 verbose stack spawn ENOENT
13 verbose stack     at ChildProcess.<anonymous> (/usr/share/npm/lib/utils/spawn.js:17:16)
13 verbose stack     at emitTwo (events.js:126:13)
13 verbose stack     at ChildProcess.emit (events.js:214:7)
13 verbose stack     at maybeClose (internal/child_process.js:925:16)
13 verbose stack     at Process.ChildProcess._handle.onexit (internal/child_process.js:209:5)
14 verbose pkgid html-css-git-exercises@1.0.0
15 verbose cwd /home/user0007/MC-ex/html-css-git-exercises/week-2
16 error Linux 4.18.0-15-generic
17 error argv "/usr/bin/node" "/usr/bin/npm" "run" "12"
18 error node v8.10.0
19 error npm  v3.5.2
20 error file sh
21 error code ELIFECYCLE
22 error errno ENOENT
23 error syscall spawn
24 error html-css-git-exercises@1.0.0 12: `live-server --open=week-2/12-justify-content`
24 error spawn ENOENT
25 error Failed at the html-css-git-exercises@1.0.0 12 script 'live-server --open=week-2/12-justify-content'.
25 error Make sure you have the latest version of node.js and npm installed.
25 error If you do, this is most likely a problem with the html-css-git-exercises package,
25 error not with npm itself.
25 error Tell the author that this fails on your system:
25 error     live-server --open=week-2/12-justify-content
25 error You can get information on how to open an issue for this project with:
25 error     npm bugs html-css-git-exercises
25 error Or if that isn't available, you can get their info via:
25 error     npm owner ls html-css-git-exercises
25 error There is likely additional logging output above.
26 verbose exit [ 1, true ]
